<?xml version="1.0" encoding="UTF-8"?>
<!-- Generated by org.testng.reporters.JUnitReportReporter -->
<testsuite hostname="LAPTOP-RT8ROG2F" failures="0" tests="1" name="testcases.CarLoanTest" time="0.008" errors="0" timestamp="20 Apr 2023 10:05:55 GMT" skipped="0">
  <testcase classname="testcases.CarLoanTest" name="test3" time="0.008"/>
</testsuite> <!-- testcases.CarLoanTest -->
