<?xml version="1.0" encoding="UTF-8"?>
<!-- Generated by org.testng.reporters.JUnitReportReporter -->
<testsuite hostname="LAPTOP-RT8ROG2F" failures="0" tests="1" name="testcases.CreditCardTest" time="0.005" errors="0" timestamp="21 Apr 2023 04:13:12 GMT" skipped="0">
  <testcase classname="testcases.CreditCardTest" name="test4" time="0.005"/>
</testsuite> <!-- testcases.CreditCardTest -->
